{"numTotalTestSuites":1,"numPassedTestSuites":1,"numFailedTestSuites":0,"numPendingTestSuites":0,"numTotalTests":1,"numPassedTests":1,"numFailedTests":0,"numPendingTests":0,"numTodoTests":0,"snapshot":{"added":0,"failure":false,"filesAdded":0,"filesRemoved":0,"filesRemovedList":[],"filesUnmatched":0,"filesUpdated":0,"matched":0,"total":0,"unchecked":0,"uncheckedKeysByFile":[],"unmatched":0,"updated":0,"didUpdate":false},"startTime":1748545996975,"success":true,"testResults":[{"assertionResults":[{"ancestorTitles":[],"fullName":"test confirm button","status":"passed","title":"test confirm button","duration":35.2346,"failureMessages":[],"meta":{}}],"startTime":1748545998764,"endTime":1748545998799.2346,"status":"passed","message":"","name":"C:/Users/timgi/Desktop/dev/project/customer-data-platform/frontend/src/Components/PopupModal.test.tsx"}]}